1.5944867134094238    4
1.5540904998779297    4
1.9149394035339355    4
2.1932458877563477    5
2.1796460151672363    5
2.874600648880005    6
2.165438652038574    5
2.1594576835632324    5
2.248548746109009    5
1.6842551231384277    4
3.133661985397339    6
2.4376068115234375    5
1.696519136428833    4
2.3574390411376953    5
2.665574550628662    5
1.7352876663208008    4
2.431386947631836    5
2.447941303253174    5
2.6326823234558105    5
1.7873384952545166    4
1.7558929920196533    4
1.7846508026123047    4
1.742666482925415    4
1.7631540298461914    4
0.5264604091644287    2
3.3383383750915527    6
3.2675094604492188    6
3.4207115173339844    6
1.7714712619781494    4
2.4987893104553223    5
2.5071005821228027    5
1.109269142150879    3
2.9119269847869873    5
1.8019664287567139    4
1.148338794708252    3
2.4761369228363037    5
1.79402494430542    4
2.5170795917510986    5
1.8115763664245605    4
1.821986436843872    4
1.7821135520935059    4
2.6799635887145996    5
2.5466220378875732    5
2.505204439163208    5
2.5165135860443115    5
2.7363474369049072    5
3.3639769554138184    6
1.8166298866271973    4
1.8195292949676514    4
2.538062810897827    5
2.5548877716064453    5
2.171659469604492    5
2.5139119625091553    5
1.9640758037567139    4
3.373260974884033    6
2.527291774749756    5
1.1448841094970703    3
3.2799999713897705    6
1.7966091632843018    4
1.1377973556518555    3
2.5648066997528076    5
1.5424392223358154    3
1.8103442192077637    4
2.5438764095306396    5
1.805180311203003    4
2.489443063735962    5
1.1321947574615479    3
1.255946159362793    3
1.804175615310669    4
2.5471558570861816    5
1.8011751174926758    4
3.4733903408050537    6
2.7053263187408447    5
2.5730643272399902    5
2.509373426437378    5
3.347804069519043    6
1.1756446361541748    3
2.6476857662200928    5
2.53391170501709    5
3.5192041397094727    6
1.824828863143921    4
1.793501853942871    4
2.7988665103912354    5
1.8246569633483887    4
1.8489835262298584    4
1.841209888458252    4
1.8382110595703125    4
1.168684959411621    3
2.5687334537506104    5
2.538886070251465    5
1.8327178955078125    4
2.4986231327056885    5
1.14243745803833    3
2.0293827056884766    4
1.8127026557922363    4
1.839005470275879    4
1.9005582332611084    4
2.3546829223632812    4
1.264312982559204    3
3.4613471031188965    6
1.800915002822876    4
2.535306930541992    5
2.4718985557556152    5
2.5422089099884033    5
1.8383562564849854    4
6.6283299922943115    6
7.8778040409088135    5
10.101499557495117    6
7.496238470077515    5
6.966808319091797    5
6.03838038444519    5
5.529351234436035    5
5.806347608566284    5
4.287782907485962    4
5.558764934539795    5
4.422086954116821    5
5.6967456340789795    6
3.434119939804077    4
3.2116055488586426    4
2.985562324523926    4
4.523811101913452    5
3.6370058059692383    4
5.000551223754883    5
3.4343535900115967    4
5.232215404510498    5
2.8669776916503906    4
5.615798473358154    5
3.7885775566101074    4
5.52553915977478    5
4.350014925003052    4
5.933752059936523    5
4.248291730880737    5
3.490616798400879    4
1.8295137882232666    3
5.714162826538086    6
4.4305408000946045    5
5.582309722900391    6
4.9085187911987305    6
4.563461780548096    6
3.028987169265747    4
2.773498773574829    4
3.046210765838623    5
1.4115839004516602    3
2.7483410835266113    4
1.4468941688537598    3
2.3123931884765625    4
1.4045956134796143    3
3.9052751064300537    6
2.958163261413574    5
2.483319044113159    4
3.041874647140503    5
2.3238158226013184    4
3.278369188308716    5
2.6725592613220215    4
3.2767717838287354    5
2.2540228366851807    3
3.1233513355255127    5
3.037341594696045    5
2.381159543991089    4
2.317776679992676    4
1.356281042098999    3
3.209223985671997    5
3.0587501525878906    5
2.4395546913146973    4
3.268918991088867    5
4.007694721221924    5
3.388674259185791    5
1.4129762649536133    3
3.51936936378479    5
3.218249559402466    5
2.406553268432617    4
2.3756253719329834    4
1.5194544792175293    3
4.276132106781006    6
3.7313194274902344    5
3.7634384632110596    5
3.787196397781372    5
4.9341654777526855    6
3.6209557056427    5
3.399850368499756    5
2.2385101318359375    4
2.838043689727783    4
3.1958489418029785    5
3.3747305870056152    5
3.477539539337158    5
3.658270835876465    5
2.741579532623291    4
3.523226022720337    5
3.75264310836792    5
3.611086368560791    5
3.5136971473693848    5
4.015737056732178    6
2.0917043685913086    4
2.1975111961364746    4
2.241957187652588    4
3.2063515186309814    5
4.470048904418945    6
4.1563427448272705    6
3.200615167617798    5
2.2693328857421875    4
3.2049930095672607    5
4.072053670883179    6
2.615450382232666    5
3.352174997329712    6
2.508805990219116    5
2.5444560050964355    5
3.281597375869751    6
2.242483615875244    5
1.7524473667144775    4
3.290217161178589    6
1.8350272178649902    4
2.495706558227539    5
2.685802936553955    5
1.8233740329742432    4
2.526853322982788    5
2.4850964546203613    5
2.4926671981811523    5
2.7767086029052734    5
1.1192805767059326    3
2.534177303314209    5
3.3103013038635254    6
2.573707103729248    5
2.4909305572509766    5
1.7729594707489014    4
2.6712303161621094    5
0.43720531463623047    1
3.3770179748535156    6
2.537177562713623    5
2.523974895477295    5
3.295459270477295    6
3.3555731773376465    6
2.532000780105591    5
2.520562171936035    5
3.3212966918945312    6
3.2858145236968994    6
2.3715386390686035    4
2.5926477909088135    5
3.3069686889648438    6
1.1369285583496094    3
2.508979558944702    5
2.0336830615997314    4
2.5112264156341553    5
1.167342185974121    3
3.359976053237915    6
2.55397367477417    5
1.1542787551879883    3
1.7788619995117188    4
1.7856268882751465    4
1.908766269683838    4
1.8051910400390625    4
3.314824342727661    6
1.1509277820587158    3
1.780935525894165    4
2.51056170463562    5
3.3856003284454346    6
1.5707671642303467    3
1.1623947620391846    3
2.527484655380249    5
2.496730327606201    5
2.5535686016082764    5
2.6009724140167236    5
2.6646246910095215    5
2.539966344833374    5
2.530937433242798    5
1.7785301208496094    4
2.501699209213257    5
1.7902026176452637    4
2.853179454803467    5
3.3611130714416504    6
2.543212413787842    5
2.521608829498291    5
2.5095908641815186    5
2.2083089351654053    4
1.9864556789398193    4
3.946547031402588    6
1.7938575744628906    4
1.7935943603515625    4
1.8077507019042969    4
2.4989657402038574    5
2.5672128200531006    5
1.8243370056152344    4
2.5577785968780518    5
1.8097879886627197    4
1.8068053722381592    4
1.8286488056182861    4
1.8023436069488525    4
1.1493909358978271    3
1.9249944686889648    4
2.542856216430664    5
1.9327237606048584    4
2.5490500926971436    5
3.2770423889160156    6
3.5696070194244385    6
3.306043863296509    6
1.1362414360046387    3
1.769099473953247    4
3.0325422286987305    5
2.4199020862579346    4
1.8653366565704346    4
2.1414735317230225    4
1.8135218620300293    4
2.5581820011138916    5
1.0020148754119873    2
2.5157065391540527    5
2.524657964706421    5
1.8022594451904297    4
1.7978217601776123    4
1.701145887374878    3
2.5859601497650146    5
2.499397039413452    5
2.587078094482422    5
2.5605568885803223    5
3.4746227264404297    6
3.3339695930480957    6
3.549959182739258    6
1.5432064533233643    3
2.5068399906158447    5
1.3351140022277832    3
1.936607837677002    4
1.1731112003326416    3
2.6028590202331543    5
2.528717279434204    5
3.2763102054595947    6
2.5335631370544434    5
2.6135315895080566    5
2.549306631088257    5
1.7712676525115967    4
1.1644072532653809    3
4.126094102859497    7
1.8028607368469238    4
2.6895227432250977    5
1.795055627822876    4
3.3078346252441406    6
3.392366647720337    6
1.8169996738433838    4
2.589282274246216    5
4.343820571899414    7
3.7185285091400146    6
1.7640330791473389    4
0.9977028369903564    2
1.8151018619537354    4
1.864330530166626    4
2.6934609413146973    5
2.5232861042022705    5
2.515245199203491    5
2.6342217922210693    5
1.8134095668792725    4
2.51832914352417    5
3.482179880142212    6
1.8255748748779297    4
2.540520668029785    5
1.8109347820281982    4
2.501967668533325    5
2.563915252685547    5
2.2385408878326416    4
2.5237321853637695    5
3.3282487392425537    6
3.3014817237854004    6
2.5103440284729004    5
3.487973213195801    6
2.5675241947174072    5
1.784956455230713    4
1.7703540325164795    4
3.3296453952789307    6
1.819002389907837    4
2.763688087463379    5
1.7999505996704102    4
2.476085901260376    5
1.6032814979553223    3
1.785597801208496    4
1.7739136219024658    4
3.3061656951904297    6
2.759887456893921    5
2.5234994888305664    5
2.9044582843780518    5
2.5300912857055664    5
1.128204584121704    3
2.5467371940612793    5
2.549931764602661    5
1.7758548259735107    4
3.284972667694092    6
2.234926223754883    4
1.8365602493286133    4
1.1546072959899902    3
1.76025390625    4
2.6905083656311035    5
2.5362443923950195    5
2.4856114387512207    5
2.5278217792510986    5
3.2912654876708984    6
2.989537477493286    5
1.8091213703155518    4
3.3027522563934326    6
3.287355899810791    6
2.5005850791931152    5
2.6613008975982666    5
1.9592432975769043    4
1.8200390338897705    4
1.825387954711914    4
2.601722478866577    5
2.562577962875366    5
2.579143762588501    5
2.95373797416687    5
3.3394358158111572    6
2.5478546619415283    5
2.533201217651367    5
1.1451656818389893    3
2.2722535133361816    4
1.9533886909484863    4
2.6274967193603516    5
3.2973814010620117    6
2.533377170562744    5
1.1361610889434814    3
2.5189709663391113    5
2.0529747009277344    4
2.685546875    5
1.804234266281128    4
1.1288108825683594    3
2.5270049571990967    5
1.8540472984313965    4
1.7936115264892578    4
1.783566951751709    4
3.5343830585479736    6
3.524440050125122    6
2.669665575027466    5
2.7807116508483887    5
2.5548949241638184    5
1.8776946067810059    4
1.5568444728851318    3
2.7866265773773193    5
3.1402947902679443    5
2.0245256423950195    4
3.9957478046417236    6
2.1498095989227295    4
1.3299224376678467    3
2.873819351196289    5
2.91456937789917    5
3.4635086059570312    5
3.5413079261779785    5
2.168116807937622    4
2.01810884475708    4
2.560849666595459    5
1.1650490760803223    3
1.7736518383026123    4
1.1264910697937012    3
2.004110097885132    4
2.6230485439300537    5
1.8124032020568848    4
2.2026517391204834    4
2.5393943786621094    5
2.591916084289551    5
2.514932155609131    5
2.5658278465270996    5
1.787322759628296    4
1.7645788192749023    4
2.620966911315918    5
2.5243756771087646    5
3.3906047344207764    6
1.8444488048553467    4
3.2895255088806152    6
1.7845280170440674    4
2.4993698596954346    5
2.199234962463379    5
3.6001458168029785    6
3.327589511871338    6
2.51513934135437    5
3.3484089374542236    6
1.7777960300445557    4
1.136364459991455    3
2.688305377960205    5
2.5301363468170166    5
2.490631341934204    5
1.8175866603851318    4
1.1564080715179443    3
1.5628163814544678    3
2.5526461601257324    5
1.9040277004241943    4
2.5524446964263916    5
2.5261666774749756    5
3.376103639602661    6
2.5001964569091797    5
2.5404038429260254    5
2.750016450881958    5
2.528599977493286    5
2.18526291847229    4
1.7926404476165771    4
1.7777283191680908    4
1.8302621841430664    4
1.8359706401824951    4
2.75443172454834    5
1.846583366394043    4
3.284562826156616    6
3.2838399410247803    6
1.8077435493469238    4
3.4520514011383057    6
2.558897018432617    5
2.4872965812683105    5
1.787543773651123    4
1.124354362487793    3
2.616170644760132    5
