2.5074350833892822    4
3.0160317420959473    4
2.0876190662384033    4
3.0845816135406494    5
2.2456250190734863    4
3.100336790084839    5
2.847280502319336    5
3.2680962085723877    5
2.1220319271087646    4
3.2036049365997314    5
1.8426399230957031    3
3.121310234069824    5
2.2587130069732666    4
2.1549627780914307    4
3.182669162750244    5
2.94641375541687    5
4.222291469573975    6
3.441082239151001    5
2.9940083026885986    5
3.1776509284973145    4
2.1502363681793213    4
3.341561794281006    5
2.637195348739624    5
4.02045464515686    6
2.4393022060394287    4
2.174229145050049    4
4.363626718521118    6
2.174335479736328    4
2.398130416870117    4
2.550018310546875    5
3.3996756076812744    5
2.1381914615631104    4
4.274690628051758    6
4.2280192375183105    6
2.7009642124176025    4
3.2423408031463623    5
1.5589160919189453    3
3.7602460384368896    5
4.629493236541748    6
2.7510550022125244    5
2.5519182682037354    5
2.5356686115264893    4
5.0050048828125    5
5.434922456741333    5
2.919072151184082    4
6.513128042221069    6
2.3050196170806885    3
5.41822361946106    5
3.6225717067718506    5
2.0076406002044678    3
3.5779731273651123    5
2.630162477493286    4
4.186422348022461    5
3.521705150604248    4
4.90427827835083    5
5.582684278488159    6
3.5440967082977295    5
4.0457868576049805    4
1.9715921878814697    3
3.764033317565918    4
4.8316802978515625    4
5.595279932022095    5
2.4646549224853516    3
3.7888214588165283    4
4.894378900527954    6
3.504315137863159    5
3.5473713874816895    5
3.7615673542022705    5
3.322664976119995    5
2.5799410343170166    4
4.233983516693115    6
2.497453451156616    4
2.2806127071380615    4
3.2103090286254883    5
2.2383832931518555    4
3.156238317489624    5
3.3372762203216553    5
3.213839054107666    5
3.139439344406128    5
2.266831159591675    4
2.3336660861968994    4
3.1751034259796143    5
3.195490837097168    5
3.2014715671539307    5
3.7514801025390625    5
3.4364633560180664    5
4.653219699859619    5
5.115005254745483    5
1.8917732238769531    3
4.8119957447052    5
2.813737392425537    4
5.808464050292969    6
2.9695303440093994    4
4.910175323486328    6
2.673042058944702    4
3.0764238834381104    4
6.730375051498413    5
4.899750232696533    5
5.168641805648804    5
0.8286576271057129    2
4.641306638717651    6
3.724151611328125    5
3.9168081283569336    5
5.274749040603638    5
4.076630353927612    4
3.3101747035980225    4
4.031294822692871    5
3.8226542472839355    5
2.2855119705200195    4
2.983658790588379    4
3.0486202239990234    5
2.280271291732788    4
3.409769296646118    5
3.921367883682251    5
5.413670301437378    6
6.287661075592041    5
5.154382705688477    5
5.50153374671936    5
4.095929861068726    4
3.001236915588379    4
5.121108770370483    6
3.512251853942871    5
4.891305923461914    5
1.8993923664093018    3
2.455087900161743    4
5.168179035186768    6
3.0834426879882812    4
2.4482855796813965    4
2.053724765777588    3
1.434321403503418    2
2.2384936809539795    4
2.93854022026062    5
2.85990309715271    4
4.310612916946411    6
2.6255874633789062    4
3.397891044616699    5
4.008122682571411    6
2.100759744644165    4
2.9682705402374268    5
1.215895414352417    2
2.9452810287475586    5
3.0179712772369385    5
2.515230655670166    4
2.1738083362579346    4
1.9942736625671387    3
3.8047876358032227    6
4.091899871826172    6
3.1269314289093018    5
2.091688871383667    4
2.061046600341797    4
4.088139057159424    6
2.0907742977142334    4
3.158067464828491    5
2.093205690383911    4
2.921894073486328    5
2.0750925540924072    4
2.94739031791687    5
3.699676752090454    5
3.2476816177368164    5
0.6682274341583252    2
2.2832555770874023    4
3.953871965408325    6
5.3224005699157715    6
2.6960318088531494    4
2.831604480743408    4
3.407381296157837    5
5.683074712753296    7
2.4406676292419434    4
2.4386942386627197    4
2.8871753215789795    4
4.0449113845825195    5
3.714240550994873    5
4.414940357208252    6
2.670775890350342    4
5.796214580535889    6
3.277397632598877    4
3.2572896480560303    4
4.461529016494751    5
3.3731799125671387    5
3.6143691539764404    4
4.2576003074646    5
2.535525321960449    4
2.6383042335510254    4
2.754270553588867    4
3.9221017360687256    5
2.9162750244140625    5
1.4567739963531494    3
3.8225114345550537    5
4.3958587646484375    5
2.8156144618988037    4
2.5143659114837646    4
4.282449245452881    5
0.744065523147583    2
3.9776391983032227    5
2.5063552856445312    4
3.9223337173461914    5
2.914846658706665    4
4.3174378871917725    5
2.917517900466919    4
2.6683201789855957    4
3.9712648391723633    5
2.7235267162323    4
2.6511106491088867    4
2.684898853302002    4
4.67690110206604    5
3.297899007797241    5
3.9730911254882812    5
3.0212762355804443    4
3.354470729827881    4
5.878284215927124    6
2.6884195804595947    4
3.5551111698150635    5
4.7313690185546875    6
4.503281831741333    6
3.0556273460388184    5
3.1750011444091797    5
3.2481634616851807    5
3.2264292240142822    5
3.9533421993255615    6
3.332753896713257    4
1.8379769325256348    3
3.201997756958008    4
5.113993883132935    6
4.219385147094727    5
3.4259376525878906    5
4.058106899261475    5
2.7927842140197754    4
2.424983501434326    4
3.809386730194092    5
1.660557508468628    3
3.548427104949951    5
3.5069453716278076    5
2.222977876663208    4
3.732565402984619    5
3.117244005203247    5
1.4134249687194824    3
4.118811368942261    5
3.4701619148254395    4
3.7740743160247803    5
2.976599931716919    5
3.53121018409729    5
3.3674416542053223    5
2.5541419982910156    4
1.7350704669952393    3
2.97560715675354    4
6.596516370773315    6
2.77200984954834    4
3.1516425609588623    4
3.0427327156066895    5
1.4009289741516113    3
3.359987735748291    5
4.943510293960571    6
3.65744686126709    4
4.400091648101807    6
3.3405144214630127    5
6.3219077587127686    6
2.41497802734375    4
2.212869167327881    3
3.4823288917541504    4
4.7076051235198975    5
4.942078113555908    5
5.586582899093628    6
3.5251388549804688    5
2.9850986003875732    4
3.463235378265381    5
6.28142523765564    7
3.994476556777954    6
3.799440383911133    5
4.647819519042969    6
3.2589242458343506    5
2.915203332901001    5
2.023125648498535    4
2.186934471130371    4
3.754490852355957    6
3.6626036167144775    6
2.6659228801727295    4
2.990567207336426    5
3.245739221572876    5
2.035865068435669    4
2.0215654373168945    4
2.0596423149108887    4
2.0125186443328857    4
1.3042118549346924    3
2.0040791034698486    4
3.018159866333008    5
2.871877431869507    5
2.0830206871032715    4
2.824354410171509    5
2.526747226715088    4
2.718475580215454    4
2.2038726806640625    4
3.013585329055786    5
3.034162998199463    5
3.0436809062957764    5
2.1343257427215576    4
4.179068565368652    6
3.2963480949401855    6
2.1255741119384766    4
2.1695964336395264    4
2.977731227874756    5
2.3444130420684814    4
1.1382393836975098    2
3.0210227966308594    5
2.1745195388793945    4
3.027405023574829    5
2.494050979614258    4
3.182922601699829    5
2.1657211780548096    4
1.1938467025756836    2
2.1204018592834473    4
2.1326193809509277    4
2.230103015899658    4
3.4392402172088623    5
2.1541972160339355    4
3.008697748184204    5
2.1409738063812256    4
3.1239535808563232    5
2.500593662261963    5
4.5207250118255615    6
5.198427200317383    6
2.108415126800537    4
2.6961770057678223    4
2.946561813354492    4
2.0776472091674805    4
4.052336931228638    6
3.873896360397339    6
3.155034065246582    5
2.1868996620178223    4
2.175875186920166    4
2.145094633102417    4
2.1930079460144043    4
3.0872738361358643    5
2.1150498390197754    4
3.279938220977783    5
2.9251065254211426    5
3.7606630325317383    5
1.8859481811523438    3
1.3957891464233398    3
2.3291823863983154    4
2.175347089767456    4
3.038217306137085    5
2.948777914047241    5
1.416886329650879    3
3.4052271842956543    6
2.3882999420166016    4
2.1017770767211914    4
3.575659990310669    5
2.1221091747283936    4
5.09886360168457    7
2.1808574199676514    4
2.9942142963409424    5
1.4228370189666748    3
2.617743730545044    4
3.0464465618133545    5
3.0494935512542725    5
3.004004716873169    5
2.100127935409546    4
3.941141366958618    6
3.8699190616607666    6
5.385897397994995    6
3.7634198665618896    5
6.693909406661987    6
1.7249023914337158    3
1.3468494415283203    3
4.187240123748779    6
2.4151089191436768    4
3.0217597484588623    5
5.033011198043823    6
4.471062183380127    6
1.5027191638946533    3
2.1988534927368164    4
2.429257392883301    5
2.991757392883301    5
3.0031700134277344    5
4.142498970031738    6
2.1500608921051025    4
2.2210421562194824    4
4.195230960845947    5
2.1461799144744873    4
3.1734867095947266    5
4.038982391357422    6
3.277324676513672    5
1.844499111175537    3
3.013122320175171    5
2.1301915645599365    4
2.6078739166259766    4
3.4766926765441895    5
1.167783498764038    2
3.0544283390045166    5
2.152585506439209    4
3.1076176166534424    5
3.0412309169769287    5
3.050025463104248    5
2.114983081817627    4
3.070549488067627    5
2.943168878555298    5
2.1956241130828857    4
1.3717939853668213    3
3.4302098751068115    5
2.2050719261169434    4
3.100421667098999    5
3.0332436561584473    5
3.077934503555298    5
3.611440896987915    5
5.134109258651733    5
3.4209845066070557    5
2.260059118270874    4
3.2310051918029785    5
1.9797635078430176    3
3.0382628440856934    5
1.381662130355835    3
1.7964591979980469    3
3.0641818046569824    5
3.907257080078125    6
3.3740766048431396    6
3.0134787559509277    5
2.1257362365722656    4
5.665415048599243    7
3.311772346496582    5
3.985196590423584    6
3.0501761436462402    5
2.961923599243164    5
3.5358903408050537    5
3.140570878982544    5
2.930356502532959    5
4.655394077301025    6
2.5627894401550293    4
2.0927181243896484    4
4.064671516418457    6
2.35781192779541    4
3.058563470840454    5
2.9764747619628906    5
3.9861867427825928    6
2.978109836578369    5
2.1200053691864014    4
2.5801291465759277    5
2.330886125564575    4
3.9449243545532227    6
2.94767427444458    5
1.7063162326812744    4
3.064318895339966    5
3.1777288913726807    5
2.1657772064208984    4
3.1113929748535156    5
1.3677401542663574    3
2.899493455886841    5
4.151521921157837    6
3.917736053466797    6
2.173614740371704    4
1.396228313446045    3
3.0680572986602783    5
3.9074623584747314    6
2.9485228061676025    5
2.210000514984131    4
2.1151695251464844    4
5.77592134475708    6
4.13043999671936    6
2.101757526397705    4
2.139160394668579    4
2.657907724380493    4
2.6927735805511475    4
1.8753340244293213    3
2.3815746307373047    4
3.9638068675994873    6
0.5119738578796387    1
2.10288667678833    4
3.8734912872314453    6
3.2672572135925293    5
2.9709925651550293    5
2.9639241695404053    5
3.0408849716186523    5
3.8580310344696045    6
1.3532204627990723    3
3.012937068939209    5
3.0319106578826904    5
3.2417502403259277    6
3.1299455165863037    5
2.2884867191314697    4
3.0222227573394775    5
1.3133490085601807    3
4.910537481307983    6
2.9747331142425537    5
3.2362165451049805    5
3.0054855346679688    5
3.301502227783203    5
2.9676103591918945    5
2.1884684562683105    4
2.331672191619873    4
2.9803521633148193    5
3.1788227558135986    5
2.831096649169922    4
2.9880330562591553    5
2.7177329063415527    4
4.515788316726685    6
2.117253065109253    4
5.45353102684021    6
2.451528549194336    4
1.7074110507965088    4
3.0436010360717773    5
2.142012357711792    4
