2.300957441329956    4
2.8651254177093506    5
3.2961313724517822    5
2.122454881668091    3
4.954545497894287    6
0.8427174091339111    2
2.0488393306732178    4
2.96958589553833    5
3.021005153656006    5
2.029019355773926    4
3.1482558250427246    5
3.9234557151794434    5
2.779000759124756    4
4.1547691822052    5
0.5313475131988525    1
2.998680353164673    5
2.983365535736084    5
3.0128424167633057    5
1.4508981704711914    3
3.9218971729278564    6
2.9981706142425537    5
2.2120656967163086    4
2.182582378387451    4
3.2503654956817627    5
1.431013584136963    3
3.1926963329315186    5
2.1921329498291016    4
2.9795725345611572    5
3.0631964206695557    5
2.175276041030884    4
3.841580629348755    6
2.184136152267456    4
2.193871259689331    4
2.9495153427124023    5
2.9682157039642334    5
3.2300784587860107    5
2.124312162399292    4
3.0318946838378906    5
1.9159901142120361    3
3.035871744155884    5
1.9512169361114502    3
3.08087158203125    5
1.917262315750122    3
2.997457504272461    5
4.004209280014038    6
3.4944117069244385    4
5.220896482467651    6
3.5462074279785156    5
4.021892070770264    5
1.2994253635406494    3
2.0216224193573    4
2.083173990249634    4
2.9316177368164062    5
2.827044725418091    5
3.794678211212158    6
2.0881049633026123    4
2.9611129760742188    5
1.2905182838439941    3
3.3390543460845947    5
4.809444427490234    5
2.2417960166931152    4
4.3836915493011475    6
2.438255548477173    4
3.8546557426452637    6
4.250401258468628    5
2.9915411472320557    4
3.9652256965637207    5
2.785972833633423    4
3.065009593963623    5
3.0588831901550293    5
2.146153211593628    4
2.2063584327697754    4
2.9780969619750977    5
4.144794702529907    5
4.5636255741119385    5
7.237130403518677    6
5.053731441497803    5
2.9804248809814453    4
4.747435569763184    4
4.377986907958984    4
4.727202892303467    4
3.4709830284118652    4
4.393350124359131    5
4.492001295089722    5
3.161832094192505    4
6.221242189407349    6
3.415329933166504    4
6.9225687980651855    6
6.364039659500122    5
4.431109189987183    4
6.284195423126221    5
2.669006109237671    3
5.062331676483154    4
7.55096697807312    6
5.670542240142822    5
4.472356081008911    4
5.940042495727539    5
2.8523426055908203    3
4.058928966522217    3
5.713248252868652    5
6.67331337928772    6
6.797913312911987    5
6.152591228485107    5
6.092493534088135    5
4.139931678771973    4
2.6859774589538574    3
2.6631572246551514    3
4.166186094284058    4
4.40153694152832    4
7.112877130508423    5
8.308364868164062    6
6.509198427200317    5
4.632806777954102    4
4.703694820404053    4
5.412452936172485    4
6.258275747299194    5
4.077773809432983    4
8.057936668395996    6
4.326894998550415    4
4.750790119171143    4
5.273849010467529    4
6.3081395626068115    5
9.38050889968872    7
5.5057806968688965    5
5.928077220916748    5
5.9632487297058105    5
5.8913047313690186    5
4.973356485366821    5
5.231753826141357    6
6.125863313674927    6
4.5460357666015625    5
2.711334705352783    3
3.1980631351470947    4
3.2412631511688232    4
3.283620595932007    4
4.642072916030884    5
3.6903750896453857    4
4.118426084518433    4
6.298648357391357    5
6.498831272125244    5
4.011400461196899    4
8.22913908958435    6
2.6491611003875732    3
7.011711120605469    5
8.655303239822388    6
6.602186441421509    5
4.79935884475708    4
7.621455669403076    6
8.67459487915039    6
4.937102794647217    5
4.788794755935669    5
6.2907702922821045    6
3.815654754638672    4
4.794418096542358    5
6.293587684631348    6
4.691893577575684    5
4.700753927230835    5
6.6042327880859375    6
4.377825021743774    4
5.430152177810669    5
2.4470858573913574    3
5.43639874458313    5
3.3188581466674805    3
3.9465434551239014    4
4.240334510803223    4
5.913650989532471    5
4.603814125061035    5
5.324321985244751    5
8.70557713508606    6
5.9905970096588135    5
6.9943296909332275    5
6.10114049911499    5
3.4333317279815674    3
7.57911491394043    6
4.518957138061523    4
2.519313335418701    3
7.1643877029418945    5
3.1526145935058594    5
2.562549352645874    5
2.010383367538452    4
2.6674907207489014    4
3.4628403186798096    5
4.0007483959198    6
4.612802267074585    6
1.3167502880096436    3
3.8894476890563965    6
2.2419519424438477    4
3.626507520675659    5
3.8719193935394287    5
2.8391382694244385    5
2.7764556407928467    5
1.9142234325408936    4
2.2474775314331055    4
2.03682541847229    4
2.006845712661743    4
2.8236138820648193    5
2.8425509929656982    5
4.9002685546875    7
2.8073933124542236    5
1.7119081020355225    3
2.0015299320220947    4
2.7650275230407715    5
1.5707178115844727    4
1.9572525024414062    4
3.1059110164642334    5
2.1430258750915527    4
3.2357325553894043    5
5.164368152618408    6
2.6720504760742188    4
3.659761428833008    4
3.4296820163726807    4
3.089780569076538    4
2.372912645339966    4
2.2422327995300293    3
4.23357629776001    5
2.894071102142334    4
2.970423460006714    4
3.9414258003234863    6
4.351217985153198    6
2.926980972290039    5
2.3871331214904785    4
3.6293046474456787    5
4.008588790893555    5
1.5677921772003174    3
3.461841583251953    5
1.713620662689209    3
2.620485305786133    4
3.6626009941101074    5
4.507614850997925    6
3.3742735385894775    5
2.3387982845306396    4
4.641400098800659    6
2.401139497756958    4
3.317843437194824    5
3.53974986076355    5
3.3719396591186523    5
2.429738998413086    4
3.340938091278076    5
3.3484747409820557    5
3.368657112121582    5
1.7186877727508545    3
3.875762701034546    5
3.2254395484924316    5
2.2452752590179443    4
2.176429033279419    4
4.056166648864746    6
3.0985705852508545    5
4.176455020904541    6
3.124662160873413    5
2.154266595840454    4
3.2603282928466797    5
4.158120155334473    6
1.151322364807129    2
2.3108713626861572    4
2.1810762882232666    4
3.1100645065307617    5
2.188553810119629    4
3.184917449951172    5
3.0548934936523438    5
4.280623435974121    6
2.425607204437256    4
4.764804840087891    6
5.365915536880493    7
2.1705710887908936    4
1.1560711860656738    2
2.947190523147583    5
2.1735568046569824    4
1.3405296802520752    3
2.996281147003174    5
2.1185710430145264    4
4.164588212966919    6
2.1210622787475586    4
3.102409601211548    5
3.603116989135742    5
3.052340030670166    5
3.072157382965088    5
3.0727670192718506    5
1.3692750930786133    3
3.0129663944244385    5
3.0444772243499756    5
2.436439037322998    4
2.9440901279449463    5
2.3570244312286377    4
2.8792219161987305    5
2.9403293132781982    5
2.93605637550354    5
2.054792642593384    4
2.982342004776001    5
3.006186008453369    5
2.144594669342041    4
3.0531206130981445    5
2.306915283203125    4
2.1091365814208984    4
2.9251415729522705    5
2.318887233734131    4
3.304150342941284    5
2.7985289096832275    5
3.9614791870117188    6
3.587303638458252    5
2.140655279159546    4
3.030526876449585    5
1.4051854610443115    3
2.538935422897339    4
1.1718039512634277    2
4.4388391971588135    6
3.047926425933838    5
2.125037670135498    4
2.9931795597076416    5
3.2397539615631104    5
2.1893765926361084    4
3.022841215133667    5
3.200542449951172    5
3.2305819988250732    5
2.069596529006958    4
2.1313319206237793    4
2.9887430667877197    5
2.2895867824554443    4
1.1431801319122314    2
2.449772834777832    5
3.067380905151367    5
3.9278783798217773    6
2.167081832885742    4
2.993997097015381    5
3.0551187992095947    5
2.9681694507598877    5
3.161269426345825    5
1.305755376815796    3
1.3368957042694092    3
3.7917275428771973    6
2.062755584716797    4
1.2878239154815674    3
2.2116096019744873    4
2.9315221309661865    5
2.4343276023864746    5
2.0450992584228516    4
2.942092180252075    5
4.09192681312561    6
2.9257283210754395    5
2.105325222015381    4
2.9923861026763916    5
4.281726121902466    6
2.9326298236846924    5
2.9323527812957764    5
3.1204311847686768    5
2.190054178237915    4
3.660660982131958    5
2.1186671257019043    4
3.613978624343872    6
2.9413933753967285    5
2.9467387199401855    5
3.7819676399230957    6
2.148294687271118    4
3.0241949558258057    5
2.2273221015930176    4
2.926593780517578    5
2.1989829540252686    4
3.8475022315979004    6
2.837808609008789    5
2.1190435886383057    4
1.3408401012420654    3
2.8870928287506104    5
2.859466552734375    5
4.799004554748535    7
3.8038015365600586    6
1.4149072170257568    3
4.488131523132324    6
2.5010361671447754    4
3.1243720054626465    5
2.9493260383605957    5
3.777482748031616    6
2.940717935562134    5
2.9678499698638916    5
3.7981109619140625    6
2.0471739768981934    4
3.4853744506835938    5
3.9589502811431885    6
2.0529611110687256    4
3.111342191696167    5
3.796849489212036    6
1.8032515048980713    3
1.3673746585845947    3
2.0318093299865723    4
2.0997791290283203    4
1.7871248722076416    3
3.0832176208496094    5
3.206820249557495    5
2.304257869720459    4
2.1452784538269043    4
3.1556806564331055    5
2.96932053565979    5
2.96014666557312    5
1.3277852535247803    3
2.9025511741638184    5
2.1516599655151367    4
1.1830739974975586    2
2.073880672454834    4
3.8831698894500732    6
4.070416212081909    6
3.007742404937744    5
2.882981777191162    5
1.334552526473999    3
2.9128024578094482    5
2.385159969329834    5
2.2861390113830566    4
3.0228493213653564    5
3.9704957008361816    6
2.643319845199585    4
3.901289463043213    6
2.366121292114258    4
1.6119654178619385    3
4.093939781188965    6
2.9469187259674072    5
2.063386917114258    4
3.8557817935943604    6
2.293016195297241    4
3.9716544151306152    6
2.6032838821411133    4
2.960524797439575    5
3.0772111415863037    5
3.357760429382324    5
2.7252683639526367    4
2.9430971145629883    5
2.048281669616699    4
2.0276100635528564    4
2.1008682250976562    4
2.923435926437378    5
2.9580109119415283    5
2.0984294414520264    4
2.8942291736602783    5
2.245857000350952    4
1.3067748546600342    3
2.0558063983917236    4
3.188296318054199    5
2.8417580127716064    5
2.8542656898498535    5
3.822841167449951    6
3.280679225921631    6
2.580461263656616    4
3.1208906173706055    5
3.6824517250061035    5
2.070249557495117    4
2.013212203979492    4
2.9206864833831787    5
2.0484836101531982    4
2.8758227825164795    5
2.0492258071899414    4
2.9079673290252686    5
2.006840229034424    4
2.888861894607544    5
2.028308391571045    4
2.9207522869110107    5
3.0616016387939453    5
3.836298704147339    6
4.096537828445435    6
2.8721814155578613    5
2.101860523223877    4
3.812997341156006    6
2.248425006866455    4
2.1185266971588135    4
3.031296730041504    5
3.205333948135376    5
3.975783109664917    6
2.925673246383667    5
1.6571838855743408    4
2.0928938388824463    4
2.986443281173706    5
1.3381283283233643    3
2.590118646621704    4
2.09617018699646    4
4.015674114227295    6
1.313049554824829    3
2.919126033782959    5
2.217966318130493    4
3.367946147918701    5
3.277860403060913    5
2.925001382827759    5
3.7928555011749268    6
2.411129951477051    5
2.8837239742279053    5
2.957669973373413    5
2.109337091445923    4
2.9202287197113037    5
2.2441883087158203    4
4.9811882972717285    6
3.546055555343628    5
2.066096544265747    4
2.8478078842163086    5
1.310964822769165    3
2.963287115097046    5
2.9041168689727783    5
2.6220486164093018    4
2.2799150943756104    4
2.103628158569336    4
3.0369935035705566    5
2.9780828952789307    5
3.3927788734436035    5
2.8980720043182373    4
2.989670753479004    5
2.0994536876678467    4
2.1236181259155273    4
